0 info it worked if it ends with ok
1 verbose cli [ '/usr/bin/node', '/usr/bin/npm', 'run', 'api' ]
2 info using npm@3.5.2
3 info using node@v8.10.0
4 verbose run-script [ 'preapi', 'api', 'postapi' ]
5 info lifecycle @becode/js-intro@1.0.0~preapi: @becode/js-intro@1.0.0
6 silly lifecycle @becode/js-intro@1.0.0~preapi: no script for preapi, continuing
7 info lifecycle @becode/js-intro@1.0.0~api: @becode/js-intro@1.0.0
8 verbose lifecycle @becode/js-intro@1.0.0~api: unsafe-perm in lifecycle true
9 verbose lifecycle @becode/js-intro@1.0.0~api: PATH: /usr/share/npm/bin/node-gyp-bin:/home/adrien/Desktop/becode/learning-js/01.Series-1/node_modules/.bin:/usr/local/sbin:/usr/local/bin:/usr/sbin:/usr/bin:/sbin:/bin:/usr/games:/usr/local/games:/snap/bin
10 verbose lifecycle @becode/js-intro@1.0.0~api: CWD: /home/adrien/Desktop/becode/learning-js/01.Series-1
11 silly lifecycle @becode/js-intro@1.0.0~api: Args: [ '-c', 'npx json-server ./_shared/api.json' ]
12 info lifecycle @becode/js-intro@1.0.0~api: Failed to exec api script
13 verbose stack Error: @becode/js-intro@1.0.0 api: `npx json-server ./_shared/api.json`
13 verbose stack spawn ENOENT
13 verbose stack     at ChildProcess.<anonymous> (/usr/share/npm/lib/utils/spawn.js:17:16)
13 verbose stack     at emitTwo (events.js:126:13)
13 verbose stack     at ChildProcess.emit (events.js:214:7)
13 verbose stack     at maybeClose (internal/child_process.js:925:16)
13 verbose stack     at Process.ChildProcess._handle.onexit (internal/child_process.js:209:5)
14 verbose pkgid @becode/js-intro@1.0.0
15 verbose cwd /home/adrien/Desktop/becode/learning-js/01.Series-1
16 error Linux 5.3.0-62-generic
17 error argv "/usr/bin/node" "/usr/bin/npm" "run" "api"
18 error node v8.10.0
19 error npm  v3.5.2
20 error file sh
21 error code ELIFECYCLE
22 error errno ENOENT
23 error syscall spawn
24 error @becode/js-intro@1.0.0 api: `npx json-server ./_shared/api.json`
24 error spawn ENOENT
25 error Failed at the @becode/js-intro@1.0.0 api script 'npx json-server ./_shared/api.json'.
25 error Make sure you have the latest version of node.js and npm installed.
25 error If you do, this is most likely a problem with the @becode/js-intro package,
25 error not with npm itself.
25 error Tell the author that this fails on your system:
25 error     npx json-server ./_shared/api.json
25 error You can get information on how to open an issue for this project with:
25 error     npm bugs @becode/js-intro
25 error Or if that isn't available, you can get their info via:
25 error     npm owner ls @becode/js-intro
25 error There is likely additional logging output above.
26 verbose exit [ 1, true ]
